[2024-12-21T21:03:34.756+0000] {taskinstance.py:1083} INFO - Dependencies all met for <TaskInstance: user_processing.store_user manual__2024-12-21T21:03:29.868432+00:00 [queued]>
[2024-12-21T21:03:34.760+0000] {taskinstance.py:1083} INFO - Dependencies all met for <TaskInstance: user_processing.store_user manual__2024-12-21T21:03:29.868432+00:00 [queued]>
[2024-12-21T21:03:34.760+0000] {taskinstance.py:1279} INFO - 
--------------------------------------------------------------------------------
[2024-12-21T21:03:34.761+0000] {taskinstance.py:1280} INFO - Starting attempt 1 of 1
[2024-12-21T21:03:34.761+0000] {taskinstance.py:1281} INFO - 
--------------------------------------------------------------------------------
[2024-12-21T21:03:34.766+0000] {taskinstance.py:1300} INFO - Executing <Task(PythonOperator): store_user> on 2024-12-21 21:03:29.868432+00:00
[2024-12-21T21:03:34.768+0000] {standard_task_runner.py:55} INFO - Started process 71381 to run task
[2024-12-21T21:03:34.770+0000] {standard_task_runner.py:82} INFO - Running: ['***', 'tasks', 'run', 'user_processing', 'store_user', 'manual__2024-12-21T21:03:29.868432+00:00', '--job-id', '135', '--raw', '--subdir', 'DAGS_FOLDER/user_processing.py', '--cfg-path', '/tmp/tmpx86hzera']
[2024-12-21T21:03:34.770+0000] {standard_task_runner.py:83} INFO - Job 135: Subtask store_user
[2024-12-21T21:03:34.794+0000] {task_command.py:388} INFO - Running <TaskInstance: user_processing.store_user manual__2024-12-21T21:03:29.868432+00:00 [running]> on host 44e036a430cc
[2024-12-21T21:03:34.819+0000] {taskinstance.py:1509} INFO - Exporting the following env vars:
AIRFLOW_CTX_DAG_OWNER=***
AIRFLOW_CTX_DAG_ID=user_processing
AIRFLOW_CTX_TASK_ID=store_user
AIRFLOW_CTX_EXECUTION_DATE=2024-12-21T21:03:29.868432+00:00
AIRFLOW_CTX_TRY_NUMBER=1
AIRFLOW_CTX_DAG_RUN_ID=manual__2024-12-21T21:03:29.868432+00:00
[2024-12-21T21:03:34.820+0000] {taskinstance.py:1768} ERROR - Task failed with exception
Traceback (most recent call last):
  File "/home/airflow/.local/lib/python3.7/site-packages/airflow/operators/python.py", line 175, in execute
    return_value = self.execute_callable()
  File "/home/airflow/.local/lib/python3.7/site-packages/airflow/operators/python.py", line 192, in execute_callable
    return self.python_callable(*self.op_args, **self.op_kwargs)
TypeError: _store_user() missing 1 required positional argument: 'users'
[2024-12-21T21:03:34.823+0000] {taskinstance.py:1323} INFO - Marking task as FAILED. dag_id=user_processing, task_id=store_user, execution_date=20241221T210329, start_date=20241221T210334, end_date=20241221T210334
[2024-12-21T21:03:34.827+0000] {standard_task_runner.py:105} ERROR - Failed to execute job 135 for task store_user (_store_user() missing 1 required positional argument: 'users'; 71381)
[2024-12-21T21:03:34.869+0000] {local_task_job.py:208} INFO - Task exited with return code 1
[2024-12-21T21:03:34.877+0000] {taskinstance.py:2578} INFO - 0 downstream tasks scheduled from follow-on schedule check
